2024-11-20 16:02:46,677 WARNING database DDL Query made to DB:
create table `tabLeave Application` (
			name varchar(140) primary key,
			creation datetime(6),
			modified datetime(6),
			modified_by varchar(140),
			owner varchar(140),
			docstatus int(1) not null default '0',
			idx int(8) not null default '0',
			`naming_series` varchar(140),
`employee` varchar(140),
`employee_name` varchar(140),
`leave_type` varchar(140),
`company` varchar(140),
`department` varchar(140),
`from_date` date,
`to_date` date,
`half_day` int(1) not null default 0,
`half_day_date` date,
`total_leave_days` decimal(21,9) not null default 0,
`description` text,
`leave_balance` decimal(21,9) not null default 0,
`leave_approver` varchar(140),
`leave_approver_name` varchar(140),
`follow_via_email` int(1) not null default 1,
`posting_date` date,
`status` varchar(140) default 'Open',
`salary_slip` varchar(140),
`color` varchar(140),
`letter_head` varchar(140),
`amended_from` varchar(140),
`_user_tags` text,
`_comments` text,
`_assign` text,
`_liked_by` text,
index `employee`(`employee`),
index `leave_type`(`leave_type`),
index `from_date`(`from_date`),
index `to_date`(`to_date`),
index modified(modified))
			ENGINE=InnoDB
			ROW_FORMAT=DYNAMIC
			CHARACTER SET=utf8mb4
			COLLATE=utf8mb4_unicode_ci
2024-11-20 16:02:46,859 WARNING database DDL Query made to DB:
ALTER TABLE `tabLeave Application`
				ADD INDEX `employee_from_date_to_date_index`(employee, from_date, to_date)
2024-11-20 16:02:46,939 WARNING database DDL Query made to DB:
create table `tabEmployee Health Insurance` (
			name varchar(140) primary key,
			creation datetime(6),
			modified datetime(6),
			modified_by varchar(140),
			owner varchar(140),
			docstatus int(1) not null default '0',
			idx int(8) not null default '0',
			`health_insurance_name` varchar(140) unique,
`_user_tags` text,
`_comments` text,
`_assign` text,
`_liked_by` text,
index modified(modified))
			ENGINE=InnoDB
			ROW_FORMAT=DYNAMIC
			CHARACTER SET=utf8mb4
			COLLATE=utf8mb4_unicode_ci
2024-11-20 16:02:47,113 WARNING database DDL Query made to DB:
create table `tabEmployee Onboarding Template` (
			name varchar(140) primary key,
			creation datetime(6),
			modified datetime(6),
			modified_by varchar(140),
			owner varchar(140),
			docstatus int(1) not null default '0',
			idx int(8) not null default '0',
			`title` varchar(140),
`company` varchar(140),
`department` varchar(140),
`designation` varchar(140),
`employee_grade` varchar(140),
`_user_tags` text,
`_comments` text,
`_assign` text,
`_liked_by` text,
index modified(modified))
			ENGINE=InnoDB
			ROW_FORMAT=DYNAMIC
			CHARACTER SET=utf8mb4
			COLLATE=utf8mb4_unicode_ci
2024-11-20 16:02:47,287 WARNING database DDL Query made to DB:
create table `tabDaily Work Summary Group` (
			name varchar(140) primary key,
			creation datetime(6),
			modified datetime(6),
			modified_by varchar(140),
			owner varchar(140),
			docstatus int(1) not null default '0',
			idx int(8) not null default '0',
			`enabled` int(1) not null default 1,
`send_emails_at` varchar(140),
`holiday_list` varchar(140),
`subject` varchar(140) default 'What did you work on today?',
`message` longtext default '<p>Please share what did you do today. If you reply by midnight, your response will be recorded!</p>',
`_user_tags` text,
`_comments` text,
`_assign` text,
`_liked_by` text,
index modified(modified))
			ENGINE=InnoDB
			ROW_FORMAT=DYNAMIC
			CHARACTER SET=utf8mb4
			COLLATE=utf8mb4_unicode_ci
2024-11-20 16:02:47,462 WARNING database DDL Query made to DB:
create table `tabLeave Block List` (
			name varchar(140) primary key,
			creation datetime(6),
			modified datetime(6),
			modified_by varchar(140),
			owner varchar(140),
			docstatus int(1) not null default '0',
			idx int(8) not null default '0',
			`leave_block_list_name` varchar(140) unique,
`company` varchar(140),
`applies_to_all_departments` int(1) not null default 0,
`leave_type` varchar(140),
`_user_tags` text,
`_comments` text,
`_assign` text,
`_liked_by` text,
index modified(modified))
			ENGINE=InnoDB
			ROW_FORMAT=DYNAMIC
			CHARACTER SET=utf8mb4
			COLLATE=utf8mb4_unicode_ci
2024-11-20 16:02:47,618 WARNING database DDL Query made to DB:
create table `tabExpense Claim Account` (
			name varchar(140) primary key,
			creation datetime(6),
			modified datetime(6),
			modified_by varchar(140),
			owner varchar(140),
			docstatus int(1) not null default '0',
			idx int(8) not null default '0',
			`company` varchar(140),
`default_account` varchar(140),
parent varchar(140),
parentfield varchar(140),
parenttype varchar(140),
index parent(parent))
			ENGINE=InnoDB
			ROW_FORMAT=DYNAMIC
			CHARACTER SET=utf8mb4
			COLLATE=utf8mb4_unicode_ci
2024-11-20 16:02:47,768 WARNING database DDL Query made to DB:
create table `tabEmployee Grade` (
			name varchar(140) primary key,
			creation datetime(6),
			modified datetime(6),
			modified_by varchar(140),
			owner varchar(140),
			docstatus int(1) not null default '0',
			idx int(8) not null default '0',
			`default_salary_structure` varchar(140),
`currency` varchar(140),
`default_base_pay` decimal(21,9) not null default 0,
`_user_tags` text,
`_comments` text,
`_assign` text,
`_liked_by` text,
index modified(modified))
			ENGINE=InnoDB
			ROW_FORMAT=DYNAMIC
			CHARACTER SET=utf8mb4
			COLLATE=utf8mb4_unicode_ci
2024-11-20 16:02:47,962 WARNING database DDL Query made to DB:
create table `tabEmployee Boarding Activity` (
			name varchar(140) primary key,
			creation datetime(6),
			modified datetime(6),
			modified_by varchar(140),
			owner varchar(140),
			docstatus int(1) not null default '0',
			idx int(8) not null default '0',
			`activity_name` varchar(140),
`user` varchar(140),
`role` varchar(140),
`begin_on` int(11) not null default 0,
`duration` int(11) not null default 0,
`task` varchar(140),
`task_weight` decimal(21,9) not null default 0,
`required_for_employee_creation` int(1) not null default 0,
`description` longtext,
parent varchar(140),
parentfield varchar(140),
parenttype varchar(140),
index parent(parent))
			ENGINE=InnoDB
			ROW_FORMAT=DYNAMIC
			CHARACTER SET=utf8mb4
			COLLATE=utf8mb4_unicode_ci
2024-11-20 16:02:48,142 WARNING database DDL Query made to DB:
create table `tabVehicle Log` (
			name varchar(140) primary key,
			creation datetime(6),
			modified datetime(6),
			modified_by varchar(140),
			owner varchar(140),
			docstatus int(1) not null default '0',
			idx int(8) not null default '0',
			`naming_series` varchar(140),
`license_plate` varchar(140),
`employee` varchar(140),
`model` varchar(140),
`make` varchar(140),
`date` date,
`odometer` int(11) not null default 0,
`last_odometer` int(11) not null default 0,
`fuel_qty` decimal(21,9) not null default 0,
`price` decimal(21,9) not null default 0,
`supplier` varchar(140),
`invoice` varchar(140),
`amended_from` varchar(140),
`_user_tags` text,
`_comments` text,
`_assign` text,
`_liked_by` text,
index modified(modified))
			ENGINE=InnoDB
			ROW_FORMAT=DYNAMIC
			CHARACTER SET=utf8mb4
			COLLATE=utf8mb4_unicode_ci
2024-11-20 16:02:48,332 WARNING database DDL Query made to DB:
create table `tabTravel Request` (
			name varchar(140) primary key,
			creation datetime(6),
			modified datetime(6),
			modified_by varchar(140),
			owner varchar(140),
			docstatus int(1) not null default '0',
			idx int(8) not null default '0',
			`travel_type` varchar(140),
`travel_funding` varchar(140),
`travel_proof` text,
`purpose_of_travel` varchar(140),
`details_of_sponsor` varchar(140),
`employee` varchar(140),
`employee_name` varchar(140),
`cell_number` varchar(140),
`prefered_email` varchar(140),
`company` varchar(140),
`date_of_birth` date,
`personal_id_type` varchar(140),
`personal_id_number` varchar(140),
`passport_number` varchar(140),
`description` text,
`cost_center` varchar(140),
`name_of_organizer` varchar(140),
`address_of_organizer` varchar(140),
`other_details` text,
`amended_from` varchar(140),
`_user_tags` text,
`_comments` text,
`_assign` text,
`_liked_by` text,
index modified(modified))
			ENGINE=InnoDB
			ROW_FORMAT=DYNAMIC
			CHARACTER SET=utf8mb4
			COLLATE=utf8mb4_unicode_ci
2024-11-20 16:02:48,481 WARNING database DDL Query made to DB:
create table `tabIdentification Document Type` (
			name varchar(140) primary key,
			creation datetime(6),
			modified datetime(6),
			modified_by varchar(140),
			owner varchar(140),
			docstatus int(1) not null default '0',
			idx int(8) not null default '0',
			`identification_document_type` varchar(140) unique,
`_user_tags` text,
`_comments` text,
`_assign` text,
`_liked_by` text,
index modified(modified))
			ENGINE=InnoDB
			ROW_FORMAT=DYNAMIC
			CHARACTER SET=utf8mb4
			COLLATE=utf8mb4_unicode_ci
2024-11-20 16:02:48,634 WARNING database DDL Query made to DB:
create table `tabLeave Block List Date` (
			name varchar(140) primary key,
			creation datetime(6),
			modified datetime(6),
			modified_by varchar(140),
			owner varchar(140),
			docstatus int(1) not null default '0',
			idx int(8) not null default '0',
			`block_date` date,
`reason` text,
parent varchar(140),
parentfield varchar(140),
parenttype varchar(140),
index parent(parent))
			ENGINE=InnoDB
			ROW_FORMAT=DYNAMIC
			CHARACTER SET=utf8mb4
			COLLATE=utf8mb4_unicode_ci
2024-11-20 16:02:48,796 WARNING database DDL Query made to DB:
create table `tabFull and Final Asset` (
			name varchar(140) primary key,
			creation datetime(6),
			modified datetime(6),
			modified_by varchar(140),
			owner varchar(140),
			docstatus int(1) not null default '0',
			idx int(8) not null default '0',
			`reference` varchar(140),
`asset_name` varchar(140),
`date` datetime(6),
`actual_cost` decimal(21,9) not null default 0,
`cost` decimal(21,9) not null default 0,
`account` varchar(140),
`action` varchar(140) default 'Return',
`status` varchar(140),
`description` text,
parent varchar(140),
parentfield varchar(140),
parenttype varchar(140),
index parent(parent))
			ENGINE=InnoDB
			ROW_FORMAT=DYNAMIC
			CHARACTER SET=utf8mb4
			COLLATE=utf8mb4_unicode_ci
2024-11-20 16:02:48,947 WARNING database DDL Query made to DB:
create table `tabFull and Final Outstanding Statement` (
			name varchar(140) primary key,
			creation datetime(6),
			modified datetime(6),
			modified_by varchar(140),
			owner varchar(140),
			docstatus int(1) not null default '0',
			idx int(8) not null default '0',
			`component` varchar(140),
`reference_document_type` varchar(140),
`reference_document` varchar(140),
`account` varchar(140),
`paid_via_salary_slip` int(1) not null default 0,
`amount` decimal(21,9) not null default 0,
`status` varchar(140) default 'Unsettled',
`remark` text,
index `reference_document`(`reference_document`),
parent varchar(140),
parentfield varchar(140),
parenttype varchar(140),
index parent(parent))
			ENGINE=InnoDB
			ROW_FORMAT=DYNAMIC
			CHARACTER SET=utf8mb4
			COLLATE=utf8mb4_unicode_ci
2024-11-20 16:02:49,113 WARNING database DDL Query made to DB:
create table `tabLeave Policy Assignment` (
			name varchar(140) primary key,
			creation datetime(6),
			modified datetime(6),
			modified_by varchar(140),
			owner varchar(140),
			docstatus int(1) not null default '0',
			idx int(8) not null default '0',
			`employee` varchar(140),
`employee_name` varchar(140),
`company` varchar(140),
`leave_policy` varchar(140),
`carry_forward` int(1) not null default 0,
`assignment_based_on` varchar(140),
`leave_period` varchar(140),
`effective_from` date,
`effective_to` date,
`leaves_allocated` int(1) not null default 0,
`amended_from` varchar(140),
`_user_tags` text,
`_comments` text,
`_assign` text,
`_liked_by` text,
index modified(modified))
			ENGINE=InnoDB
			ROW_FORMAT=DYNAMIC
			CHARACTER SET=utf8mb4
			COLLATE=utf8mb4_unicode_ci
2024-11-20 16:02:49,312 WARNING database DDL Query made to DB:
create table `tabExit Interview` (
			name varchar(140) primary key,
			creation datetime(6),
			modified datetime(6),
			modified_by varchar(140),
			owner varchar(140),
			docstatus int(1) not null default '0',
			idx int(8) not null default '0',
			`naming_series` varchar(140),
`employee` varchar(140),
`employee_name` varchar(140),
`email` varchar(140),
`company` varchar(140),
`status` varchar(140),
`date` date,
`department` varchar(140),
`designation` varchar(140),
`reports_to` varchar(140),
`date_of_joining` date,
`relieving_date` date,
`ref_doctype` varchar(140),
`questionnaire_email_sent` int(1) not null default 0,
`reference_document_name` varchar(140),
`interview_summary` longtext,
`employee_status` varchar(140),
`amended_from` varchar(140),
`_user_tags` text,
`_comments` text,
`_assign` text,
`_liked_by` text,
index modified(modified))
			ENGINE=InnoDB
			ROW_FORMAT=DYNAMIC
			CHARACTER SET=utf8mb4
			COLLATE=utf8mb4_unicode_ci
2024-11-20 16:02:49,468 WARNING database DDL Query made to DB:
create table `tabTraining Event Employee` (
			name varchar(140) primary key,
			creation datetime(6),
			modified datetime(6),
			modified_by varchar(140),
			owner varchar(140),
			docstatus int(1) not null default '0',
			idx int(8) not null default '0',
			`employee` varchar(140),
`employee_name` varchar(140),
`department` varchar(140),
`status` varchar(140) default 'Open',
`attendance` varchar(140),
`is_mandatory` int(1) not null default 1,
parent varchar(140),
parentfield varchar(140),
parenttype varchar(140),
index parent(parent))
			ENGINE=InnoDB
			ROW_FORMAT=DYNAMIC
			CHARACTER SET=utf8mb4
			COLLATE=utf8mb4_unicode_ci
2024-11-20 16:02:49,614 WARNING database DDL Query made to DB:
create table `tabInterviewer` (
			name varchar(140) primary key,
			creation datetime(6),
			modified datetime(6),
			modified_by varchar(140),
			owner varchar(140),
			docstatus int(1) not null default '0',
			idx int(8) not null default '0',
			`user` varchar(140),
parent varchar(140),
parentfield varchar(140),
parenttype varchar(140),
index parent(parent))
			ENGINE=InnoDB
			ROW_FORMAT=DYNAMIC
			CHARACTER SET=utf8mb4
			COLLATE=utf8mb4_unicode_ci
2024-11-20 16:02:49,768 WARNING database DDL Query made to DB:
create table `tabAppraisal Goal` (
			name varchar(140) primary key,
			creation datetime(6),
			modified datetime(6),
			modified_by varchar(140),
			owner varchar(140),
			docstatus int(1) not null default '0',
			idx int(8) not null default '0',
			`kra` text,
`per_weightage` decimal(21,9) not null default 0,
`score` decimal(21,9) not null default 0,
`score_earned` decimal(21,9) not null default 0,
parent varchar(140),
parentfield varchar(140),
parenttype varchar(140),
index parent(parent))
			ENGINE=InnoDB
			ROW_FORMAT=DYNAMIC
			CHARACTER SET=utf8mb4
			COLLATE=utf8mb4_unicode_ci
2024-11-20 16:02:50,088 WARNING database DDL Query made to DB:
create table `tabDesignation Skill` (
			name varchar(140) primary key,
			creation datetime(6),
			modified datetime(6),
			modified_by varchar(140),
			owner varchar(140),
			docstatus int(1) not null default '0',
			idx int(8) not null default '0',
			`skill` varchar(140),
parent varchar(140),
parentfield varchar(140),
parenttype varchar(140),
index parent(parent))
			ENGINE=InnoDB
			ROW_FORMAT=DYNAMIC
			CHARACTER SET=utf8mb4
			COLLATE=utf8mb4_unicode_ci
2024-11-20 16:02:50,251 WARNING database DDL Query made to DB:
create table `tabLeave Ledger Entry` (
			name varchar(140) primary key,
			creation datetime(6),
			modified datetime(6),
			modified_by varchar(140),
			owner varchar(140),
			docstatus int(1) not null default '0',
			idx int(8) not null default '0',
			`employee` varchar(140),
`employee_name` varchar(140),
`leave_type` varchar(140),
`transaction_type` varchar(140),
`transaction_name` varchar(140),
`company` varchar(140),
`leaves` decimal(21,9) not null default 0,
`from_date` date,
`to_date` date,
`holiday_list` varchar(140),
`is_carry_forward` int(1) not null default 0,
`is_expired` int(1) not null default 0,
`is_lwp` int(1) not null default 0,
`amended_from` varchar(140),
`_user_tags` text,
`_comments` text,
`_assign` text,
`_liked_by` text,
index `employee`(`employee`),
index `transaction_type`(`transaction_type`),
index `transaction_name`(`transaction_name`),
index modified(modified))
			ENGINE=InnoDB
			ROW_FORMAT=DYNAMIC
			CHARACTER SET=utf8mb4
			COLLATE=utf8mb4_unicode_ci
2024-11-20 16:02:50,402 WARNING database DDL Query made to DB:
ALTER TABLE `tabLeave Ledger Entry`
				ADD INDEX `transaction_type_transaction_name_index`(transaction_type, transaction_name)
2024-11-20 16:02:50,525 WARNING database DDL Query made to DB:
create table `tabEmployee Advance` (
			name varchar(140) primary key,
			creation datetime(6),
			modified datetime(6),
			modified_by varchar(140),
			owner varchar(140),
			docstatus int(1) not null default '0',
			idx int(8) not null default '0',
			`naming_series` varchar(140),
`employee` varchar(140),
`employee_name` varchar(140),
`posting_date` date,
`company` varchar(140),
`department` varchar(140),
`currency` varchar(140),
`exchange_rate` decimal(21,9) not null default 0,
`purpose` text,
`advance_amount` decimal(21,9) not null default 0,
`paid_amount` decimal(21,9) not null default 0,
`pending_amount` decimal(21,9) not null default 0,
`claimed_amount` decimal(21,9) not null default 0,
`return_amount` decimal(21,9) not null default 0,
`advance_account` varchar(140),
`mode_of_payment` varchar(140),
`repay_unclaimed_amount_from_salary` int(1) not null default 0,
`status` varchar(140),
`amended_from` varchar(140),
`_user_tags` text,
`_comments` text,
`_assign` text,
`_liked_by` text,
index modified(modified))
			ENGINE=InnoDB
			ROW_FORMAT=DYNAMIC
			CHARACTER SET=utf8mb4
			COLLATE=utf8mb4_unicode_ci
2024-11-20 16:02:50,718 WARNING database DDL Query made to DB:
create table `tabInterview Feedback` (
			name varchar(140) primary key,
			creation datetime(6),
			modified datetime(6),
			modified_by varchar(140),
			owner varchar(140),
			docstatus int(1) not null default '0',
			idx int(8) not null default '0',
			`interview` varchar(140),
`interview_round` varchar(140),
`job_applicant` varchar(140),
`interviewer` varchar(140),
`result` varchar(140),
`average_rating` decimal(3,2),
`feedback` text,
`amended_from` varchar(140),
`_user_tags` text,
`_comments` text,
`_assign` text,
`_liked_by` text,
index modified(modified))
			ENGINE=InnoDB
			ROW_FORMAT=DYNAMIC
			CHARACTER SET=utf8mb4
			COLLATE=utf8mb4_unicode_ci
2024-11-20 16:02:50,903 WARNING database DDL Query made to DB:
create table `tabVehicle Service Item` (
			name varchar(140) primary key,
			creation datetime(6),
			modified datetime(6),
			modified_by varchar(140),
			owner varchar(140),
			docstatus int(1) not null default '0',
			idx int(8) not null default '0',
			`service_item` varchar(140) unique,
`_user_tags` text,
`_comments` text,
`_assign` text,
`_liked_by` text,
index modified(modified))
			ENGINE=InnoDB
			ROW_FORMAT=DYNAMIC
			CHARACTER SET=utf8mb4
			COLLATE=utf8mb4_unicode_ci
2024-11-20 16:02:51,090 WARNING database DDL Query made to DB:
create table `tabJob Offer` (
			name varchar(140) primary key,
			creation datetime(6),
			modified datetime(6),
			modified_by varchar(140),
			owner varchar(140),
			docstatus int(1) not null default '0',
			idx int(8) not null default '0',
			`job_applicant` varchar(140),
`applicant_name` varchar(140),
`applicant_email` varchar(140),
`status` varchar(140),
`offer_date` date,
`designation` varchar(140),
`company` varchar(140),
`job_offer_term_template` varchar(140),
`select_terms` varchar(140),
`terms` longtext,
`letter_head` varchar(140),
`select_print_heading` varchar(140),
`amended_from` varchar(140),
`_user_tags` text,
`_comments` text,
`_assign` text,
`_liked_by` text,
index modified(modified))
			ENGINE=InnoDB
			ROW_FORMAT=DYNAMIC
			CHARACTER SET=utf8mb4
			COLLATE=utf8mb4_unicode_ci
2024-11-20 16:02:51,257 WARNING database DDL Query made to DB:
create table `tabGoal` (
			name varchar(140) primary key,
			creation datetime(6),
			modified datetime(6),
			modified_by varchar(140),
			owner varchar(140),
			docstatus int(1) not null default '0',
			idx int(8) not null default '0',
			`goal_name` varchar(140),
`is_group` int(1) not null default 0,
`parent_goal` varchar(140),
`progress` decimal(21,9) not null default 0,
`status` varchar(140) default 'Pending',
`employee` varchar(140),
`employee_name` varchar(140),
`company` varchar(140),
`user` varchar(140),
`start_date` date,
`end_date` date,
`appraisal_cycle` varchar(140),
`kra` varchar(140),
`description` longtext,
`lft` int(11) not null default 0,
`rgt` int(11) not null default 0,
`old_parent` varchar(140),
`_user_tags` text,
`_comments` text,
`_assign` text,
`_liked_by` text,
index modified(modified))
			ENGINE=InnoDB
			ROW_FORMAT=DYNAMIC
			CHARACTER SET=utf8mb4
			COLLATE=utf8mb4_unicode_ci
2024-11-20 16:02:51,568 WARNING database DDL Query made to DB:
create table `tabDaily Work Summary Group User` (
			name varchar(140) primary key,
			creation datetime(6),
			modified datetime(6),
			modified_by varchar(140),
			owner varchar(140),
			docstatus int(1) not null default '0',
			idx int(8) not null default '0',
			`user` varchar(140),
`email` varchar(140),
parent varchar(140),
parentfield varchar(140),
parenttype varchar(140),
index parent(parent))
			ENGINE=InnoDB
			ROW_FORMAT=DYNAMIC
			CHARACTER SET=utf8mb4
			COLLATE=utf8mb4_unicode_ci
2024-11-20 16:02:52,443 WARNING database DDL Query made to DB:
create table `tabIncome Tax Slab` (
			name varchar(140) primary key,
			creation datetime(6),
			modified datetime(6),
			modified_by varchar(140),
			owner varchar(140),
			docstatus int(1) not null default '0',
			idx int(8) not null default '0',
			`disabled` int(1) not null default 0,
`effective_from` date,
`company` varchar(140),
`currency` varchar(140),
`standard_tax_exemption_amount` decimal(21,9) not null default 0,
`allow_tax_exemption` int(1) not null default 0,
`amended_from` varchar(140),
`_user_tags` text,
`_comments` text,
`_assign` text,
`_liked_by` text,
index modified(modified))
			ENGINE=InnoDB
			ROW_FORMAT=DYNAMIC
			CHARACTER SET=utf8mb4
			COLLATE=utf8mb4_unicode_ci
2024-11-20 16:02:52,606 WARNING database DDL Query made to DB:
create table `tabSalary Detail` (
			name varchar(140) primary key,
			creation datetime(6),
			modified datetime(6),
			modified_by varchar(140),
			owner varchar(140),
			docstatus int(1) not null default '0',
			idx int(8) not null default '0',
			`salary_component` varchar(140),
`abbr` varchar(140),
`amount` decimal(21,9) not null default 0,
`year_to_date` decimal(21,9) not null default 0,
`additional_salary` varchar(140),
`is_recurring_additional_salary` int(1) not null default 0,
`statistical_component` int(1) not null default 0,
`depends_on_payment_days` int(1) not null default 0,
`exempted_from_income_tax` int(1) not null default 0,
`is_tax_applicable` int(1) not null default 0,
`is_flexible_benefit` int(1) not null default 0,
`variable_based_on_taxable_salary` int(1) not null default 0,
`do_not_include_in_total` int(1) not null default 0,
`deduct_full_tax_on_selected_payroll_date` int(1) not null default 0,
`condition` longtext,
`amount_based_on_formula` int(1) not null default 0,
`formula` longtext,
`default_amount` decimal(21,9) not null default 0,
`additional_amount` decimal(21,9) not null default 0,
`tax_on_flexible_benefit` decimal(21,9) not null default 0,
`tax_on_additional_salary` decimal(21,9) not null default 0,
index `salary_component`(`salary_component`),
index `exempted_from_income_tax`(`exempted_from_income_tax`),
index `is_tax_applicable`(`is_tax_applicable`),
index `variable_based_on_taxable_salary`(`variable_based_on_taxable_salary`),
parent varchar(140),
parentfield varchar(140),
parenttype varchar(140),
index parent(parent))
			ENGINE=InnoDB
			ROW_FORMAT=DYNAMIC
			CHARACTER SET=utf8mb4
			COLLATE=utf8mb4_unicode_ci
2024-11-20 16:02:52,764 WARNING database DDL Query made to DB:
create table `tabSalary Component` (
			name varchar(140) primary key,
			creation datetime(6),
			modified datetime(6),
			modified_by varchar(140),
			owner varchar(140),
			docstatus int(1) not null default '0',
			idx int(8) not null default '0',
			`salary_component` varchar(140) unique,
`salary_component_abbr` varchar(140),
`type` varchar(140),
`description` text,
`depends_on_payment_days` int(1) not null default 1,
`is_tax_applicable` int(1) not null default 1,
`deduct_full_tax_on_selected_payroll_date` int(1) not null default 0,
`variable_based_on_taxable_salary` int(1) not null default 0,
`is_income_tax_component` int(1) not null default 0,
`exempted_from_income_tax` int(1) not null default 0,
`round_to_the_nearest_integer` int(1) not null default 0,
`statistical_component` int(1) not null default 0,
`do_not_include_in_total` int(1) not null default 0,
`remove_if_zero_valued` int(1) not null default 1,
`disabled` int(1) not null default 0,
`condition` longtext,
`amount` decimal(21,9) not null default 0,
`amount_based_on_formula` int(1) not null default 0,
`formula` longtext,
`is_flexible_benefit` int(1) not null default 0,
`max_benefit_amount` decimal(21,9) not null default 0,
`pay_against_benefit_claim` int(1) not null default 0,
`only_tax_impact` int(1) not null default 0,
`create_separate_payment_entry_against_benefit_claim` int(1) not null default 0,
`_user_tags` text,
`_comments` text,
`_assign` text,
`_liked_by` text,
index `variable_based_on_taxable_salary`(`variable_based_on_taxable_salary`),
index modified(modified))
			ENGINE=InnoDB
			ROW_FORMAT=DYNAMIC
			CHARACTER SET=utf8mb4
			COLLATE=utf8mb4_unicode_ci
2024-11-20 16:02:52,944 WARNING database DDL Query made to DB:
create table `tabEmployee Benefit Claim` (
			name varchar(140) primary key,
			creation datetime(6),
			modified datetime(6),
			modified_by varchar(140),
			owner varchar(140),
			docstatus int(1) not null default '0',
			idx int(8) not null default '0',
			`employee` varchar(140),
`employee_name` varchar(140),
`department` varchar(140),
`claim_date` date,
`currency` varchar(140),
`company` varchar(140),
`amended_from` varchar(140),
`earning_component` varchar(140),
`max_amount_eligible` decimal(21,9) not null default 0,
`pay_against_benefit_claim` int(1) not null default 0,
`claimed_amount` decimal(21,9) not null default 0,
`salary_slip` varchar(140),
`attachments` text,
`_user_tags` text,
`_comments` text,
`_assign` text,
`_liked_by` text,
index modified(modified))
			ENGINE=InnoDB
			ROW_FORMAT=DYNAMIC
			CHARACTER SET=utf8mb4
			COLLATE=utf8mb4_unicode_ci
2024-11-20 16:02:53,149 WARNING database DDL Query made to DB:
create table `tabEmployee Tax Exemption Proof Submission Detail` (
			name varchar(140) primary key,
			creation datetime(6),
			modified datetime(6),
			modified_by varchar(140),
			owner varchar(140),
			docstatus int(1) not null default '0',
			idx int(8) not null default '0',
			`exemption_sub_category` varchar(140),
`exemption_category` varchar(140),
`max_amount` decimal(21,9) not null default 0,
`amount` decimal(21,9) not null default 0,
`type_of_proof` varchar(140),
`attach_proof` text,
parent varchar(140),
parentfield varchar(140),
parenttype varchar(140),
index parent(parent))
			ENGINE=InnoDB
			ROW_FORMAT=DYNAMIC
			CHARACTER SET=utf8mb4
			COLLATE=utf8mb4_unicode_ci
2024-11-20 16:02:53,295 WARNING database DDL Query made to DB:
create table `tabEmployee Tax Exemption Category` (
			name varchar(140) primary key,
			creation datetime(6),
			modified datetime(6),
			modified_by varchar(140),
			owner varchar(140),
			docstatus int(1) not null default '0',
			idx int(8) not null default '0',
			`max_amount` decimal(21,9) not null default 0,
`is_active` int(1) not null default 1,
`_user_tags` text,
`_comments` text,
`_assign` text,
`_liked_by` text,
index modified(modified))
			ENGINE=InnoDB
			ROW_FORMAT=DYNAMIC
			CHARACTER SET=utf8mb4
			COLLATE=utf8mb4_unicode_ci
2024-11-20 16:02:53,492 WARNING database DDL Query made to DB:
create table `tabIncome Tax Slab Other Charges` (
			name varchar(140) primary key,
			creation datetime(6),
			modified datetime(6),
			modified_by varchar(140),
			owner varchar(140),
			docstatus int(1) not null default '0',
			idx int(8) not null default '0',
			`description` varchar(140),
`percent` decimal(21,9) not null default 0,
`min_taxable_income` decimal(21,9) not null default 0,
`max_taxable_income` decimal(21,9) not null default 0,
parent varchar(140),
parentfield varchar(140),
parenttype varchar(140),
index parent(parent))
			ENGINE=InnoDB
			ROW_FORMAT=DYNAMIC
			CHARACTER SET=utf8mb4
			COLLATE=utf8mb4_unicode_ci
2024-11-20 16:02:53,662 WARNING database DDL Query made to DB:
create table `tabGratuity Rule` (
			name varchar(140) primary key,
			creation datetime(6),
			modified datetime(6),
			modified_by varchar(140),
			owner varchar(140),
			docstatus int(1) not null default '0',
			idx int(8) not null default '0',
			`disable` int(1) not null default 0,
`calculate_gratuity_amount_based_on` varchar(140),
`total_working_days_per_year` int(11) not null default 365,
`work_experience_calculation_function` varchar(140) default 'Round off Work Experience',
`minimum_year_for_gratuity` int(11) not null default 0,
`_user_tags` text,
`_comments` text,
`_assign` text,
`_liked_by` text,
index modified(modified))
			ENGINE=InnoDB
			ROW_FORMAT=DYNAMIC
			CHARACTER SET=utf8mb4
			COLLATE=utf8mb4_unicode_ci
2024-11-20 16:02:53,841 WARNING database DDL Query made to DB:
create table `tabSalary Slip Loan` (
			name varchar(140) primary key,
			creation datetime(6),
			modified datetime(6),
			modified_by varchar(140),
			owner varchar(140),
			docstatus int(1) not null default '0',
			idx int(8) not null default '0',
			`loan` varchar(140),
`loan_product` varchar(140),
`loan_account` varchar(140),
`interest_income_account` varchar(140),
`principal_amount` decimal(21,9) not null default 0,
`interest_amount` decimal(21,9) not null default 0,
`total_payment` decimal(21,9) not null default 0,
`loan_repayment_entry` varchar(140),
parent varchar(140),
parentfield varchar(140),
parenttype varchar(140),
index parent(parent))
			ENGINE=InnoDB
			ROW_FORMAT=DYNAMIC
			CHARACTER SET=utf8mb4
			COLLATE=utf8mb4_unicode_ci
2024-11-20 16:02:53,994 WARNING database DDL Query made to DB:
create table `tabPayroll Period Date` (
			name varchar(140) primary key,
			creation datetime(6),
			modified datetime(6),
			modified_by varchar(140),
			owner varchar(140),
			docstatus int(1) not null default '0',
			idx int(8) not null default '0',
			`start_date` date,
`end_date` date,
parent varchar(140),
parentfield varchar(140),
parenttype varchar(140),
index parent(parent))
			ENGINE=InnoDB
			ROW_FORMAT=DYNAMIC
			CHARACTER SET=utf8mb4
			COLLATE=utf8mb4_unicode_ci
2024-11-20 16:02:54,168 WARNING database DDL Query made to DB:
create table `tabEmployee Tax Exemption Declaration` (
			name varchar(140) primary key,
			creation datetime(6),
			modified datetime(6),
			modified_by varchar(140),
			owner varchar(140),
			docstatus int(1) not null default '0',
			idx int(8) not null default '0',
			`employee` varchar(140),
`employee_name` varchar(140),
`department` varchar(140),
`company` varchar(140),
`payroll_period` varchar(140),
`currency` varchar(140),
`amended_from` varchar(140),
`total_declared_amount` decimal(21,9) not null default 0,
`total_exemption_amount` decimal(21,9) not null default 0,
`_user_tags` text,
`_comments` text,
`_assign` text,
`_liked_by` text,
index modified(modified))
			ENGINE=InnoDB
			ROW_FORMAT=DYNAMIC
			CHARACTER SET=utf8mb4
			COLLATE=utf8mb4_unicode_ci
2024-11-20 16:02:54,370 WARNING database DDL Query made to DB:
create table `tabGratuity Applicable Component` (
			name varchar(140) primary key,
			creation datetime(6),
			modified datetime(6),
			modified_by varchar(140),
			owner varchar(140),
			docstatus int(1) not null default '0',
			idx int(8) not null default '0',
			`salary_component` varchar(140),
parent varchar(140),
parentfield varchar(140),
parenttype varchar(140),
index parent(parent))
			ENGINE=InnoDB
			ROW_FORMAT=DYNAMIC
			CHARACTER SET=utf8mb4
			COLLATE=utf8mb4_unicode_ci
2024-11-20 16:02:54,542 WARNING database DDL Query made to DB:
create table `tabEmployee Other Income` (
			name varchar(140) primary key,
			creation datetime(6),
			modified datetime(6),
			modified_by varchar(140),
			owner varchar(140),
			docstatus int(1) not null default '0',
			idx int(8) not null default '0',
			`employee` varchar(140),
`employee_name` varchar(140),
`amended_from` varchar(140),
`company` varchar(140),
`payroll_period` varchar(140),
`source` varchar(140),
`amount` decimal(21,9) not null default 0,
`_user_tags` text,
`_comments` text,
`_assign` text,
`_liked_by` text,
index `employee`(`employee`),
index `company`(`company`),
index `payroll_period`(`payroll_period`),
index modified(modified))
			ENGINE=InnoDB
			ROW_FORMAT=DYNAMIC
			CHARACTER SET=utf8mb4
			COLLATE=utf8mb4_unicode_ci
2024-11-20 16:02:54,763 WARNING database DDL Query made to DB:
create table `tabSalary Structure Assignment` (
			name varchar(140) primary key,
			creation datetime(6),
			modified datetime(6),
			modified_by varchar(140),
			owner varchar(140),
			docstatus int(1) not null default '0',
			idx int(8) not null default '0',
			`employee` varchar(140),
`employee_name` varchar(140),
`department` varchar(140),
`designation` varchar(140),
`grade` varchar(140),
`salary_structure` varchar(140),
`from_date` date,
`income_tax_slab` varchar(140),
`company` varchar(140),
`payroll_payable_account` varchar(140),
`currency` varchar(140),
`base` decimal(21,9) not null default 0,
`variable` decimal(21,9) not null default 0,
`amended_from` varchar(140),
`taxable_earnings_till_date` decimal(21,9) not null default 0,
`tax_deducted_till_date` decimal(21,9) not null default 0,
`_user_tags` text,
`_comments` text,
`_assign` text,
`_liked_by` text,
index `employee`(`employee`),
index `salary_structure`(`salary_structure`),
index modified(modified))
			ENGINE=InnoDB
			ROW_FORMAT=DYNAMIC
			CHARACTER SET=utf8mb4
			COLLATE=utf8mb4_unicode_ci
2024-11-20 16:02:54,991 WARNING database DDL Query made to DB:
create table `tabSalary Withholding Cycle` (
			name varchar(140) primary key,
			creation datetime(6),
			modified datetime(6),
			modified_by varchar(140),
			owner varchar(140),
			docstatus int(1) not null default '0',
			idx int(8) not null default '0',
			`from_date` date,
`to_date` date,
`is_salary_released` int(1) not null default 0,
`journal_entry` varchar(140),
parent varchar(140),
parentfield varchar(140),
parenttype varchar(140),
index parent(parent))
			ENGINE=InnoDB
			ROW_FORMAT=DYNAMIC
			CHARACTER SET=utf8mb4
			COLLATE=utf8mb4_unicode_ci
2024-11-20 16:02:55,181 WARNING database DDL Query made to DB:
create table `tabEmployee Tax Exemption Declaration Category` (
			name varchar(140) primary key,
			creation datetime(6),
			modified datetime(6),
			modified_by varchar(140),
			owner varchar(140),
			docstatus int(1) not null default '0',
			idx int(8) not null default '0',
			`exemption_sub_category` varchar(140),
`exemption_category` varchar(140),
`max_amount` decimal(21,9) not null default 0,
`amount` decimal(21,9) not null default 0,
parent varchar(140),
parentfield varchar(140),
parenttype varchar(140),
index parent(parent))
			ENGINE=InnoDB
			ROW_FORMAT=DYNAMIC
			CHARACTER SET=utf8mb4
			COLLATE=utf8mb4_unicode_ci
2024-11-20 16:02:55,341 WARNING database DDL Query made to DB:
create table `tabEmployee Benefit Application` (
			name varchar(140) primary key,
			creation datetime(6),
			modified datetime(6),
			modified_by varchar(140),
			owner varchar(140),
			docstatus int(1) not null default '0',
			idx int(8) not null default '0',
			`employee` varchar(140),
`employee_name` varchar(140),
`department` varchar(140),
`date` date,
`payroll_period` varchar(140),
`company` varchar(140),
`amended_from` varchar(140),
`currency` varchar(140),
`max_benefits` decimal(21,9) not null default 0,
`remaining_benefit` decimal(21,9) not null default 0,
`total_amount` decimal(21,9) not null default 0,
`pro_rata_dispensed_amount` decimal(21,9) not null default 0,
`_user_tags` text,
`_comments` text,
`_assign` text,
`_liked_by` text,
index modified(modified))
			ENGINE=InnoDB
			ROW_FORMAT=DYNAMIC
			CHARACTER SET=utf8mb4
			COLLATE=utf8mb4_unicode_ci
2024-11-20 16:02:55,522 WARNING database DDL Query made to DB:
create table `tabTaxable Salary Slab` (
			name varchar(140) primary key,
			creation datetime(6),
			modified datetime(6),
			modified_by varchar(140),
			owner varchar(140),
			docstatus int(1) not null default '0',
			idx int(8) not null default '0',
			`from_amount` decimal(21,9) not null default 0,
`to_amount` decimal(21,9) not null default 0,
`percent_deduction` decimal(21,9) not null default 0,
`condition` longtext,
parent varchar(140),
parentfield varchar(140),
parenttype varchar(140),
index parent(parent))
			ENGINE=InnoDB
			ROW_FORMAT=DYNAMIC
			CHARACTER SET=utf8mb4
			COLLATE=utf8mb4_unicode_ci
2024-11-20 16:02:55,669 WARNING database DDL Query made to DB:
create table `tabGratuity Rule Slab` (
			name varchar(140) primary key,
			creation datetime(6),
			modified datetime(6),
			modified_by varchar(140),
			owner varchar(140),
			docstatus int(1) not null default '0',
			idx int(8) not null default '0',
			`from_year` int(11) not null default 0,
`to_year` int(11) not null default 0,
`fraction_of_applicable_earnings` decimal(21,9) not null default 0,
parent varchar(140),
parentfield varchar(140),
parenttype varchar(140),
index parent(parent))
			ENGINE=InnoDB
			ROW_FORMAT=DYNAMIC
			CHARACTER SET=utf8mb4
			COLLATE=utf8mb4_unicode_ci
2024-11-20 16:02:55,850 WARNING database DDL Query made to DB:
create table `tabSalary Withholding` (
			name varchar(140) primary key,
			creation datetime(6),
			modified datetime(6),
			modified_by varchar(140),
			owner varchar(140),
			docstatus int(1) not null default '0',
			idx int(8) not null default '0',
			`employee` varchar(140),
`employee_name` varchar(140),
`company` varchar(140),
`posting_date` date,
`payroll_frequency` varchar(140),
`number_of_withholding_cycles` int(11) not null default 0,
`status` varchar(140) default 'Draft',
`from_date` date,
`to_date` date,
`date_of_joining` date,
`relieving_date` date,
`reason_for_withholding_salary` text,
`amended_from` varchar(140),
`_user_tags` text,
`_comments` text,
`_assign` text,
`_liked_by` text,
index `employee`(`employee`),
index `amended_from`(`amended_from`),
index modified(modified))
			ENGINE=InnoDB
			ROW_FORMAT=DYNAMIC
			CHARACTER SET=utf8mb4
			COLLATE=utf8mb4_unicode_ci
2024-11-20 16:02:56,061 WARNING database DDL Query made to DB:
create table `tabEmployee Tax Exemption Proof Submission` (
			name varchar(140) primary key,
			creation datetime(6),
			modified datetime(6),
			modified_by varchar(140),
			owner varchar(140),
			docstatus int(1) not null default '0',
			idx int(8) not null default '0',
			`employee` varchar(140),
`employee_name` varchar(140),
`department` varchar(140),
`currency` varchar(140),
`amended_from` varchar(140),
`submission_date` date,
`payroll_period` varchar(140),
`company` varchar(140),
`total_actual_amount` decimal(21,9) not null default 0,
`exemption_amount` decimal(21,9) not null default 0,
`attachments` text,
`_user_tags` text,
`_comments` text,
`_assign` text,
`_liked_by` text,
index modified(modified))
			ENGINE=InnoDB
			ROW_FORMAT=DYNAMIC
			CHARACTER SET=utf8mb4
			COLLATE=utf8mb4_unicode_ci
2024-11-20 16:02:56,368 WARNING database DDL Query made to DB:
create table `tabSalary Slip` (
			name varchar(140) primary key,
			creation datetime(6),
			modified datetime(6),
			modified_by varchar(140),
			owner varchar(140),
			docstatus int(1) not null default '0',
			idx int(8) not null default '0',
			`employee` varchar(140),
`employee_name` varchar(140),
`company` varchar(140),
`department` varchar(140),
`designation` varchar(140),
`branch` varchar(140),
`posting_date` date,
`letter_head` varchar(140),
`status` varchar(140),
`salary_withholding` varchar(140),
`salary_withholding_cycle` varchar(140),
`currency` varchar(140),
`exchange_rate` decimal(21,9) not null default 1.0,
`payroll_frequency` varchar(140),
`start_date` date,
`end_date` date,
`salary_structure` varchar(140),
`payroll_entry` varchar(140),
`mode_of_payment` varchar(140),
`salary_slip_based_on_timesheet` int(1) not null default 0,
`deduct_tax_for_unclaimed_employee_benefits` int(1) not null default 0,
`deduct_tax_for_unsubmitted_tax_exemption_proof` int(1) not null default 0,
`total_working_days` decimal(21,9) not null default 0,
`unmarked_days` decimal(21,9) not null default 0,
`leave_without_pay` decimal(21,9) not null default 0,
`absent_days` decimal(21,9) not null default 0,
`payment_days` decimal(21,9) not null default 0,
`total_working_hours` decimal(21,9) not null default 0,
`hour_rate` decimal(21,9) not null default 0,
`base_hour_rate` decimal(21,9) not null default 0,
`gross_pay` decimal(21,9) not null default 0,
`base_gross_pay` decimal(21,9) not null default 0,
`gross_year_to_date` decimal(21,9) not null default 0,
`base_gross_year_to_date` decimal(21,9) not null default 0,
`total_deduction` decimal(21,9) not null default 0,
`base_total_deduction` decimal(21,9) not null default 0,
`net_pay` decimal(21,9) not null default 0,
`base_net_pay` decimal(21,9) not null default 0,
`rounded_total` decimal(21,9) not null default 0,
`base_rounded_total` decimal(21,9) not null default 0,
`year_to_date` decimal(21,9) not null default 0,
`base_year_to_date` decimal(21,9) not null default 0,
`month_to_date` decimal(21,9) not null default 0,
`base_month_to_date` decimal(21,9) not null default 0,
`total_in_words` varchar(240),
`base_total_in_words` varchar(240),
`ctc` decimal(21,9) not null default 0,
`income_from_other_sources` decimal(21,9) not null default 0,
`total_earnings` decimal(21,9) not null default 0,
`non_taxable_earnings` decimal(21,9) not null default 0,
`standard_tax_exemption_amount` decimal(21,9) not null default 0,
`tax_exemption_declaration` decimal(21,9) not null default 0,
`deductions_before_tax_calculation` decimal(21,9) not null default 0,
`annual_taxable_amount` decimal(21,9) not null default 0,
`income_tax_deducted_till_date` decimal(21,9) not null default 0,
`current_month_income_tax` decimal(21,9) not null default 0,
`future_income_tax_deductions` decimal(21,9) not null default 0,
`total_income_tax` decimal(21,9) not null default 0,
`journal_entry` varchar(140),
`amended_from` varchar(140),
`bank_name` varchar(140),
`bank_account_no` varchar(140),
`_user_tags` text,
`_comments` text,
`_assign` text,
`_liked_by` text,
index `employee`(`employee`),
index `start_date`(`start_date`),
index `end_date`(`end_date`),
index `salary_structure`(`salary_structure`),
index `payroll_entry`(`payroll_entry`),
index modified(modified))
			ENGINE=InnoDB
			ROW_FORMAT=DYNAMIC
			CHARACTER SET=utf8mb4
			COLLATE=utf8mb4_unicode_ci
2024-11-20 16:02:56,542 WARNING database DDL Query made to DB:
ALTER TABLE `tabSalary Slip`
				ADD INDEX `employee_start_date_end_date_index`(employee, start_date, end_date)
2024-11-20 16:02:56,620 WARNING database DDL Query made to DB:
create table `tabEmployee Benefit Application Detail` (
			name varchar(140) primary key,
			creation datetime(6),
			modified datetime(6),
			modified_by varchar(140),
			owner varchar(140),
			docstatus int(1) not null default '0',
			idx int(8) not null default '0',
			`earning_component` varchar(140),
`pay_against_benefit_claim` int(1) not null default 0,
`max_benefit_amount` decimal(21,9) not null default 0,
`amount` decimal(21,9) not null default 0,
parent varchar(140),
parentfield varchar(140),
parenttype varchar(140),
index parent(parent))
			ENGINE=InnoDB
			ROW_FORMAT=DYNAMIC
			CHARACTER SET=utf8mb4
			COLLATE=utf8mb4_unicode_ci
2024-11-20 16:02:56,769 WARNING database DDL Query made to DB:
create table `tabSalary Slip Timesheet` (
			name varchar(140) primary key,
			creation datetime(6),
			modified datetime(6),
			modified_by varchar(140),
			owner varchar(140),
			docstatus int(1) not null default '0',
			idx int(8) not null default '0',
			`time_sheet` varchar(140),
`working_hours` decimal(21,9) not null default 0,
parent varchar(140),
parentfield varchar(140),
parenttype varchar(140),
index parent(parent))
			ENGINE=InnoDB
			ROW_FORMAT=DYNAMIC
			CHARACTER SET=utf8mb4
			COLLATE=utf8mb4_unicode_ci
2024-11-20 16:02:57,058 WARNING database DDL Query made to DB:
create table `tabSalary Structure` (
			name varchar(140) primary key,
			creation datetime(6),
			modified datetime(6),
			modified_by varchar(140),
			owner varchar(140),
			docstatus int(1) not null default '0',
			idx int(8) not null default '0',
			`company` varchar(140),
`letter_head` varchar(140),
`is_active` varchar(140) default 'Yes',
`is_default` varchar(140) default 'No',
`currency` varchar(140),
`amended_from` varchar(140),
`leave_encashment_amount_per_day` decimal(21,9) not null default 0,
`max_benefits` decimal(21,9) not null default 0,
`salary_slip_based_on_timesheet` int(1) not null default 0,
`payroll_frequency` varchar(140) default 'Monthly',
`salary_component` varchar(140),
`hour_rate` decimal(21,9) not null default 0,
`total_earning` decimal(21,9) not null default 0,
`total_deduction` decimal(21,9) not null default 0,
`net_pay` decimal(21,9) not null default 0,
`mode_of_payment` varchar(140),
`payment_account` varchar(140),
`_user_tags` text,
`_comments` text,
`_assign` text,
`_liked_by` text,
index `company`(`company`),
index `currency`(`currency`),
index `salary_slip_based_on_timesheet`(`salary_slip_based_on_timesheet`),
index `payroll_frequency`(`payroll_frequency`),
index modified(modified))
			ENGINE=InnoDB
			ROW_FORMAT=DYNAMIC
			CHARACTER SET=utf8mb4
			COLLATE=utf8mb4_unicode_ci
2024-11-20 16:02:57,234 WARNING database DDL Query made to DB:
create table `tabPayroll Employee Detail` (
			name varchar(140) primary key,
			creation datetime(6),
			modified datetime(6),
			modified_by varchar(140),
			owner varchar(140),
			docstatus int(1) not null default '0',
			idx int(8) not null default '0',
			`employee` varchar(140),
`employee_name` varchar(140),
`department` varchar(140),
`designation` varchar(140),
`is_salary_withheld` int(1) not null default 0,
parent varchar(140),
parentfield varchar(140),
parenttype varchar(140),
index parent(parent))
			ENGINE=InnoDB
			ROW_FORMAT=DYNAMIC
			CHARACTER SET=utf8mb4
			COLLATE=utf8mb4_unicode_ci
2024-11-20 16:02:57,366 WARNING database DDL Query made to DB:
create table `tabSalary Component Account` (
			name varchar(140) primary key,
			creation datetime(6),
			modified datetime(6),
			modified_by varchar(140),
			owner varchar(140),
			docstatus int(1) not null default '0',
			idx int(8) not null default '0',
			`company` varchar(140),
`account` varchar(140),
parent varchar(140),
parentfield varchar(140),
parenttype varchar(140),
index parent(parent))
			ENGINE=InnoDB
			ROW_FORMAT=DYNAMIC
			CHARACTER SET=utf8mb4
			COLLATE=utf8mb4_unicode_ci
2024-11-20 16:02:57,647 WARNING database DDL Query made to DB:
create table `tabRetention Bonus` (
			name varchar(140) primary key,
			creation datetime(6),
			modified datetime(6),
			modified_by varchar(140),
			owner varchar(140),
			docstatus int(1) not null default '0',
			idx int(8) not null default '0',
			`employee` varchar(140),
`employee_name` varchar(140),
`department` varchar(140),
`company` varchar(140),
`date_of_joining` varchar(140),
`salary_component` varchar(140),
`bonus_amount` decimal(21,9) not null default 0,
`bonus_payment_date` date,
`currency` varchar(140),
`amended_from` varchar(140),
`_user_tags` text,
`_comments` text,
`_assign` text,
`_liked_by` text,
index modified(modified))
			ENGINE=InnoDB
			ROW_FORMAT=DYNAMIC
			CHARACTER SET=utf8mb4
			COLLATE=utf8mb4_unicode_ci
2024-11-20 16:02:57,801 WARNING database DDL Query made to DB:
create table `tabEmployee Tax Exemption Sub Category` (
			name varchar(140) primary key,
			creation datetime(6),
			modified datetime(6),
			modified_by varchar(140),
			owner varchar(140),
			docstatus int(1) not null default '0',
			idx int(8) not null default '0',
			`exemption_category` varchar(140),
`max_amount` decimal(21,9) not null default 0,
`is_active` int(1) not null default 1,
`_user_tags` text,
`_comments` text,
`_assign` text,
`_liked_by` text,
index modified(modified))
			ENGINE=InnoDB
			ROW_FORMAT=DYNAMIC
			CHARACTER SET=utf8mb4
			COLLATE=utf8mb4_unicode_ci
2024-11-20 16:02:58,014 WARNING database DDL Query made to DB:
create table `tabAdditional Salary` (
			name varchar(140) primary key,
			creation datetime(6),
			modified datetime(6),
			modified_by varchar(140),
			owner varchar(140),
			docstatus int(1) not null default '0',
			idx int(8) not null default '0',
			`naming_series` varchar(140),
`employee` varchar(140),
`employee_name` varchar(140),
`department` varchar(140),
`company` varchar(140),
`is_recurring` int(1) not null default 0,
`disabled` int(1) not null default 0,
`from_date` date,
`to_date` date,
`payroll_date` date,
`amended_from` varchar(140),
`salary_component` varchar(140),
`type` varchar(140),
`currency` varchar(140),
`amount` decimal(21,9) not null default 0,
`deduct_full_tax_on_selected_payroll_date` int(1) not null default 0,
`overwrite_salary_structure_amount` int(1) not null default 1,
`ref_doctype` varchar(140),
`ref_docname` varchar(140),
`_user_tags` text,
`_comments` text,
`_assign` text,
`_liked_by` text,
index `employee`(`employee`),
index `payroll_date`(`payroll_date`),
index `salary_component`(`salary_component`),
index modified(modified))
			ENGINE=InnoDB
			ROW_FORMAT=DYNAMIC
			CHARACTER SET=utf8mb4
			COLLATE=utf8mb4_unicode_ci
2024-11-20 16:02:58,203 WARNING database DDL Query made to DB:
create table `tabSalary Slip Leave` (
			name varchar(140) primary key,
			creation datetime(6),
			modified datetime(6),
			modified_by varchar(140),
			owner varchar(140),
			docstatus int(1) not null default '0',
			idx int(8) not null default '0',
			`leave_type` varchar(140),
`total_allocated_leaves` decimal(21,9) not null default 0,
`expired_leaves` decimal(21,9) not null default 0,
`used_leaves` decimal(21,9) not null default 0,
`pending_leaves` decimal(21,9) not null default 0,
`available_leaves` decimal(21,9) not null default 0,
parent varchar(140),
parentfield varchar(140),
parenttype varchar(140),
index parent(parent))
			ENGINE=InnoDB
			ROW_FORMAT=DYNAMIC
			CHARACTER SET=utf8mb4
			COLLATE=utf8mb4_unicode_ci
2024-11-20 16:02:58,422 WARNING database DDL Query made to DB:
create table `tabPayroll Entry` (
			name varchar(140) primary key,
			creation datetime(6),
			modified datetime(6),
			modified_by varchar(140),
			owner varchar(140),
			docstatus int(1) not null default '0',
			idx int(8) not null default '0',
			`posting_date` date,
`company` varchar(140),
`currency` varchar(140),
`exchange_rate` decimal(21,9) not null default 0,
`payroll_payable_account` varchar(140),
`status` varchar(140),
`salary_slip_based_on_timesheet` int(1) not null default 0,
`payroll_frequency` varchar(140),
`start_date` date,
`end_date` date,
`deduct_tax_for_unclaimed_employee_benefits` int(1) not null default 0,
`deduct_tax_for_unsubmitted_tax_exemption_proof` int(1) not null default 0,
`branch` varchar(140),
`department` varchar(140),
`designation` varchar(140),
`grade` varchar(140),
`number_of_employees` int(11) not null default 0,
`validate_attendance` int(1) not null default 0,
`cost_center` varchar(140),
`project` varchar(140),
`payment_account` varchar(140),
`bank_account` varchar(140),
`salary_slips_created` int(1) not null default 0,
`salary_slips_submitted` int(1) not null default 0,
`error_message` text,
`amended_from` varchar(140),
`_user_tags` text,
`_comments` text,
`_assign` text,
`_liked_by` text,
index modified(modified))
			ENGINE=InnoDB
			ROW_FORMAT=DYNAMIC
			CHARACTER SET=utf8mb4
			COLLATE=utf8mb4_unicode_ci
2024-11-20 16:02:58,741 WARNING database DDL Query made to DB:
create table `tabPayroll Period` (
			name varchar(140) primary key,
			creation datetime(6),
			modified datetime(6),
			modified_by varchar(140),
			owner varchar(140),
			docstatus int(1) not null default '0',
			idx int(8) not null default '0',
			`company` varchar(140),
`start_date` date,
`end_date` date,
`_user_tags` text,
`_comments` text,
`_assign` text,
`_liked_by` text,
index modified(modified))
			ENGINE=InnoDB
			ROW_FORMAT=DYNAMIC
			CHARACTER SET=utf8mb4
			COLLATE=utf8mb4_unicode_ci
2024-11-20 16:02:58,987 WARNING database DDL Query made to DB:
create table `tabGratuity` (
			name varchar(140) primary key,
			creation datetime(6),
			modified datetime(6),
			modified_by varchar(140),
			owner varchar(140),
			docstatus int(1) not null default '0',
			idx int(8) not null default '0',
			`employee` varchar(140),
`employee_name` varchar(140),
`department` varchar(140),
`designation` varchar(140),
`current_work_experience` decimal(21,9) not null default 0,
`posting_date` date,
`gratuity_rule` varchar(140),
`status` varchar(140) default 'Draft',
`company` varchar(140),
`amended_from` varchar(140),
`pay_via_salary_slip` int(1) not null default 1,
`amount` decimal(21,9) not null default 0,
`paid_amount` decimal(21,9) not null default 0,
`payroll_date` date,
`salary_component` varchar(140),
`cost_center` varchar(140),
`mode_of_payment` varchar(140),
`expense_account` varchar(140),
`payable_account` varchar(140),
`_user_tags` text,
`_comments` text,
`_assign` text,
`_liked_by` text,
index `employee`(`employee`),
index modified(modified))
			ENGINE=InnoDB
			ROW_FORMAT=DYNAMIC
			CHARACTER SET=utf8mb4
			COLLATE=utf8mb4_unicode_ci
2024-11-20 16:02:59,157 WARNING database DDL Query made to DB:
create table `tabEmployee Cost Center` (
			name varchar(140) primary key,
			creation datetime(6),
			modified datetime(6),
			modified_by varchar(140),
			owner varchar(140),
			docstatus int(1) not null default '0',
			idx int(8) not null default '0',
			`cost_center` varchar(140),
`percentage` int(11) not null default 0,
parent varchar(140),
parentfield varchar(140),
parenttype varchar(140),
index parent(parent))
			ENGINE=InnoDB
			ROW_FORMAT=DYNAMIC
			CHARACTER SET=utf8mb4
			COLLATE=utf8mb4_unicode_ci
2024-11-20 16:02:59,337 WARNING database DDL Query made to DB:
create table `tabEmployee Incentive` (
			name varchar(140) primary key,
			creation datetime(6),
			modified datetime(6),
			modified_by varchar(140),
			owner varchar(140),
			docstatus int(1) not null default '0',
			idx int(8) not null default '0',
			`employee` varchar(140),
`employee_name` varchar(140),
`amended_from` varchar(140),
`company` varchar(140),
`department` varchar(140),
`salary_component` varchar(140),
`currency` varchar(140),
`payroll_date` date,
`incentive_amount` decimal(21,9) not null default 0,
`_user_tags` text,
`_comments` text,
`_assign` text,
`_liked_by` text,
index modified(modified))
			ENGINE=InnoDB
			ROW_FORMAT=DYNAMIC
			CHARACTER SET=utf8mb4
			COLLATE=utf8mb4_unicode_ci
2024-11-20 16:03:01,326 WARNING database DDL Query made to DB:
ALTER TABLE `tabDepartment` ADD COLUMN `payroll_cost_center` varchar(140), ADD COLUMN `leave_block_list` varchar(140)
2024-11-20 16:03:01,442 WARNING database DDL Query made to DB:
ALTER TABLE `tabTask` ADD COLUMN `total_expense_claim` decimal(21,9) not null default 0
2024-11-20 16:03:01,505 WARNING database DDL Query made to DB:
ALTER TABLE `tabTask` MODIFY `task_weight` decimal(21,9) not null default 0, MODIFY `total_costing_amount` decimal(21,9) not null default 0, MODIFY `actual_time` decimal(21,9) not null default 0, MODIFY `progress` decimal(21,9) not null default 0, MODIFY `total_billing_amount` decimal(21,9) not null default 0
2024-11-20 16:03:01,645 WARNING database DDL Query made to DB:
ALTER TABLE `tabProject` ADD COLUMN `total_expense_claim` decimal(21,9) not null default 0
2024-11-20 16:03:01,700 WARNING database DDL Query made to DB:
ALTER TABLE `tabProject` MODIFY `total_billed_amount` decimal(21,9) not null default 0, MODIFY `gross_margin` decimal(21,9) not null default 0, MODIFY `total_sales_amount` decimal(21,9) not null default 0, MODIFY `total_consumed_material_cost` decimal(21,9) not null default 0, MODIFY `estimated_costing` decimal(21,9) not null default 0, MODIFY `actual_time` decimal(21,9) not null default 0, MODIFY `total_purchase_cost` decimal(21,9) not null default 0, MODIFY `total_billable_amount` decimal(21,9) not null default 0, MODIFY `per_gross_margin` decimal(21,9) not null default 0, MODIFY `percent_complete` decimal(21,9) not null default 0, MODIFY `total_costing_amount` decimal(21,9) not null default 0
2024-11-20 16:03:01,828 WARNING database DDL Query made to DB:
ALTER TABLE `tabTimesheet` ADD COLUMN `salary_slip` varchar(140)
2024-11-20 16:03:01,881 WARNING database DDL Query made to DB:
ALTER TABLE `tabTimesheet` MODIFY `total_billable_hours` decimal(21,9) not null default 0, MODIFY `total_billed_amount` decimal(21,9) not null default 0, MODIFY `base_total_billable_amount` decimal(21,9) not null default 0, MODIFY `total_billed_hours` decimal(21,9) not null default 0, MODIFY `total_costing_amount` decimal(21,9) not null default 0, MODIFY `per_billed` decimal(21,9) not null default 0, MODIFY `base_total_billed_amount` decimal(21,9) not null default 0, MODIFY `base_total_costing_amount` decimal(21,9) not null default 0
2024-11-20 16:03:02,033 WARNING database DDL Query made to DB:
ALTER TABLE `tabCompany` ADD COLUMN `default_expense_claim_payable_account` varchar(140), ADD COLUMN `default_employee_advance_account` varchar(140), ADD COLUMN `default_payroll_payable_account` varchar(140)
2024-11-20 16:03:02,085 WARNING database DDL Query made to DB:
ALTER TABLE `tabCompany` MODIFY `credit_limit` decimal(21,9) not null default 0, MODIFY `monthly_sales_target` decimal(21,9) not null default 0, MODIFY `total_monthly_sales` decimal(21,9) not null default 0
2024-11-20 16:03:02,202 WARNING database DDL Query made to DB:
ALTER TABLE `tabTerms and Conditions` ADD COLUMN `hr` int(1) not null default 1
2024-11-20 16:03:02,311 WARNING database DDL Query made to DB:
ALTER TABLE `tabDesignation` ADD COLUMN `appraisal_template` varchar(140)
2024-11-20 16:03:02,454 WARNING database DDL Query made to DB:
ALTER TABLE `tabEmployee` ADD COLUMN `employment_type` varchar(140), ADD COLUMN `grade` varchar(140), ADD COLUMN `job_applicant` varchar(140), ADD COLUMN `default_shift` varchar(140), ADD COLUMN `expense_approver` varchar(140), ADD COLUMN `leave_approver` varchar(140), ADD COLUMN `shift_request_approver` varchar(140), ADD COLUMN `payroll_cost_center` varchar(140), ADD COLUMN `health_insurance_provider` varchar(140), ADD COLUMN `health_insurance_no` varchar(140)
2024-11-20 16:03:02,502 WARNING database DDL Query made to DB:
ALTER TABLE `tabEmployee` MODIFY `ctc` decimal(21,9) not null default 0
2024-11-20 16:04:43,354 WARNING database DDL Query made to DB:
create table `tabPayment Gateway` (
			name varchar(140) primary key,
			creation datetime(6),
			modified datetime(6),
			modified_by varchar(140),
			owner varchar(140),
			docstatus int(1) not null default '0',
			idx int(8) not null default '0',
			`gateway` varchar(140) unique,
`gateway_settings` varchar(140),
`gateway_controller` varchar(140),
`_user_tags` text,
`_comments` text,
`_assign` text,
`_liked_by` text,
index modified(modified))
			ENGINE=InnoDB
			ROW_FORMAT=DYNAMIC
			CHARACTER SET=utf8mb4
			COLLATE=utf8mb4_unicode_ci
2024-11-20 16:04:43,521 WARNING database DDL Query made to DB:
create table `tabGoCardless Mandate` (
			name varchar(140) primary key,
			creation datetime(6),
			modified datetime(6),
			modified_by varchar(140),
			owner varchar(140),
			docstatus int(1) not null default '0',
			idx int(8) not null default '0',
			`disabled` int(1) not null default 0,
`mandate` varchar(140) unique,
`gocardless_customer` varchar(140),
`_user_tags` text,
`_comments` text,
`_assign` text,
`_liked_by` text,
index modified(modified))
			ENGINE=InnoDB
			ROW_FORMAT=DYNAMIC
			CHARACTER SET=utf8mb4
			COLLATE=utf8mb4_unicode_ci
2024-11-20 16:04:43,683 WARNING database DDL Query made to DB:
create table `tabGoCardless Settings` (
			name varchar(140) primary key,
			creation datetime(6),
			modified datetime(6),
			modified_by varchar(140),
			owner varchar(140),
			docstatus int(1) not null default '0',
			idx int(8) not null default '0',
			`gateway_name` varchar(140) unique,
`access_token` varchar(140),
`webhooks_secret` varchar(140),
`use_sandbox` int(1) not null default 0,
`header_img` text,
`_user_tags` text,
`_comments` text,
`_assign` text,
`_liked_by` text,
index modified(modified))
			ENGINE=InnoDB
			ROW_FORMAT=DYNAMIC
			CHARACTER SET=utf8mb4
			COLLATE=utf8mb4_unicode_ci
2024-11-20 16:04:44,113 WARNING database DDL Query made to DB:
create table `tabMpesa Settings` (
			name varchar(140) primary key,
			creation datetime(6),
			modified datetime(6),
			modified_by varchar(140),
			owner varchar(140),
			docstatus int(1) not null default '0',
			idx int(8) not null default '0',
			`payment_gateway_name` varchar(140) unique,
`consumer_key` varchar(140),
`consumer_secret` text,
`initiator_name` varchar(140),
`till_number` varchar(140),
`transaction_limit` decimal(21,9) not null default 150000.0,
`sandbox` int(1) not null default 0,
`business_shortcode` varchar(140),
`online_passkey` text,
`security_credential` text,
`account_balance` longtext,
`_user_tags` text,
`_comments` text,
`_assign` text,
`_liked_by` text,
index modified(modified))
			ENGINE=InnoDB
			ROW_FORMAT=DYNAMIC
			CHARACTER SET=utf8mb4
			COLLATE=utf8mb4_unicode_ci
2024-11-20 16:04:44,276 WARNING database DDL Query made to DB:
create table `tabStripe Settings` (
			name varchar(140) primary key,
			creation datetime(6),
			modified datetime(6),
			modified_by varchar(140),
			owner varchar(140),
			docstatus int(1) not null default '0',
			idx int(8) not null default '0',
			`gateway_name` varchar(140),
`publishable_key` varchar(140),
`secret_key` text,
`header_img` text,
`redirect_url` varchar(140),
`_user_tags` text,
`_comments` text,
`_assign` text,
`_liked_by` text,
index modified(modified))
			ENGINE=InnoDB
			ROW_FORMAT=DYNAMIC
			CHARACTER SET=utf8mb4
			COLLATE=utf8mb4_unicode_ci
2024-11-20 16:04:49,726 WARNING database DDL Query made to DB:
create table `tabBraintree Settings` (
			name varchar(140) primary key,
			creation datetime(6),
			modified datetime(6),
			modified_by varchar(140),
			owner varchar(140),
			docstatus int(1) not null default '0',
			idx int(8) not null default '0',
			`gateway_name` varchar(140),
`merchant_id` varchar(140),
`public_key` varchar(140),
`private_key` text,
`use_sandbox` int(1) not null default 0,
`header_img` text,
`_user_tags` text,
`_comments` text,
`_assign` text,
`_liked_by` text,
index modified(modified))
			ENGINE=InnoDB
			ROW_FORMAT=DYNAMIC
			CHARACTER SET=utf8mb4
			COLLATE=utf8mb4_unicode_ci
2024-11-20 16:04:51,416 WARNING database DDL Query made to DB:
ALTER TABLE `tabWeb Form` ADD COLUMN `currency` varchar(140), ADD COLUMN `amount_field` varchar(140), ADD COLUMN `payment_button_help` text, ADD COLUMN `amount_based_on_field` int(1) not null default 0, ADD COLUMN `amount` decimal(21,9) not null default 0, ADD COLUMN `payment_gateway` varchar(140), ADD COLUMN `payment_button_label` varchar(140) default 'Buy Now', ADD COLUMN `accept_payment` int(1) not null default 0
2024-11-20 16:04:51,479 WARNING database DDL Query made to DB:
ALTER TABLE `tabWeb Form` MODIFY `condition_json` json
2024-11-20 16:04:51,689 WARNING database DDL Query made to DB:
ALTER TABLE `tabGoCardless Mandate` ADD COLUMN `customer` varchar(140)
2024-11-20 16:10:21,870 WARNING database DDL Query made to DB:
alter table `tabDocType` add column if not exists migration_hash varchar(140)
2024-11-20 16:10:22,630 WARNING database DDL Query made to DB:
ALTER TABLE `tabPrint Heading` DROP INDEX `print_heading`
2024-11-20 16:10:23,357 WARNING database DDL Query made to DB:
ALTER TABLE `tabPrint Heading` ADD UNIQUE INDEX IF NOT EXISTS print_heading (`print_heading`)
2024-11-20 16:12:46,309 WARNING database DDL Query made to DB:
ALTER TABLE `tabSalary Component` ADD COLUMN `component_type` varchar(140)
2024-11-20 16:12:46,354 WARNING database DDL Query made to DB:
ALTER TABLE `tabSalary Component` MODIFY `max_benefit_amount` decimal(21,9) not null default 0, MODIFY `amount` decimal(21,9) not null default 0
2024-11-20 16:12:46,404 WARNING database DDL Query made to DB:
ALTER TABLE `tabSalary Component` ADD INDEX `creation`(`creation`)
2024-11-20 16:12:46,513 WARNING database DDL Query made to DB:
ALTER TABLE `tabEmployee` ADD COLUMN `pan_number` varchar(140), ADD COLUMN `provident_fund_account` varchar(140), ADD COLUMN `ifsc_code` varchar(140), ADD COLUMN `micr_code` varchar(140)
2024-11-20 16:12:46,560 WARNING database DDL Query made to DB:
ALTER TABLE `tabEmployee` MODIFY `ctc` decimal(21,9) not null default 0
2024-11-20 16:12:46,651 WARNING database DDL Query made to DB:
ALTER TABLE `tabEmployee Tax Exemption Proof Submission` ADD COLUMN `house_rent_payment_amount` decimal(21,9) not null default 0, ADD COLUMN `rented_in_metro_city` int(1) not null default 0, ADD COLUMN `rented_from_date` date, ADD COLUMN `rented_to_date` date, ADD COLUMN `monthly_house_rent` decimal(21,9) not null default 0, ADD COLUMN `monthly_hra_exemption` decimal(21,9) not null default 0, ADD COLUMN `total_eligible_hra_exemption` decimal(21,9) not null default 0
2024-11-20 16:12:46,696 WARNING database DDL Query made to DB:
ALTER TABLE `tabEmployee Tax Exemption Proof Submission` MODIFY `exemption_amount` decimal(21,9) not null default 0, MODIFY `total_actual_amount` decimal(21,9) not null default 0
2024-11-20 16:12:46,744 WARNING database DDL Query made to DB:
ALTER TABLE `tabEmployee Tax Exemption Proof Submission` ADD INDEX `creation`(`creation`)
2024-11-20 16:12:46,872 WARNING database DDL Query made to DB:
ALTER TABLE `tabEmployee Tax Exemption Declaration` ADD COLUMN `monthly_house_rent` decimal(21,9) not null default 0, ADD COLUMN `rented_in_metro_city` int(1) not null default 0, ADD COLUMN `salary_structure_hra` decimal(21,9) not null default 0, ADD COLUMN `annual_hra_exemption` decimal(21,9) not null default 0, ADD COLUMN `monthly_hra_exemption` decimal(21,9) not null default 0
2024-11-20 16:12:46,920 WARNING database DDL Query made to DB:
ALTER TABLE `tabEmployee Tax Exemption Declaration` MODIFY `total_exemption_amount` decimal(21,9) not null default 0, MODIFY `total_declared_amount` decimal(21,9) not null default 0
2024-11-20 16:12:46,971 WARNING database DDL Query made to DB:
ALTER TABLE `tabEmployee Tax Exemption Declaration` ADD INDEX `creation`(`creation`)
2024-11-20 16:12:47,130 WARNING database DDL Query made to DB:
ALTER TABLE `tabCompany` ADD COLUMN `basic_component` varchar(140), ADD COLUMN `hra_component` varchar(140), ADD COLUMN `arrear_component` varchar(140)
2024-11-20 16:12:47,176 WARNING database DDL Query made to DB:
ALTER TABLE `tabCompany` MODIFY `credit_limit` decimal(21,9) not null default 0, MODIFY `total_monthly_sales` decimal(21,9) not null default 0, MODIFY `monthly_sales_target` decimal(21,9) not null default 0
2024-11-20 16:17:01,469 WARNING database DDL Query made to DB:
create table `tabDelivery Schedule` (
			name varchar(140) primary key,
			creation datetime(6),
			modified datetime(6),
			modified_by varchar(140),
			owner varchar(140),
			docstatus int(1) not null default '0',
			idx int(8) not null default '0',
			`amended_from` varchar(140),
`_user_tags` text,
`_comments` text,
`_assign` text,
`_liked_by` text,
index `amended_from`(`amended_from`),
index modified(modified))
			ENGINE=InnoDB
			ROW_FORMAT=DYNAMIC
			CHARACTER SET=utf8mb4
			COLLATE=utf8mb4_unicode_ci
2024-11-20 16:23:04,314 WARNING database DDL Query made to DB:
ALTER TABLE `tabDelivery Schedule` ADD COLUMN `delivery_date` date, ADD COLUMN `customer` varchar(140), ADD COLUMN `sales_order` varchar(140), ADD COLUMN `notes` varchar(140), ADD COLUMN `text_editor_wawt` longtext
2024-11-20 16:50:48,934 WARNING database DDL Query made to DB:
ALTER TABLE `tabDelivery Schedule` ADD COLUMN `delivery_status` varchar(140)
2024-11-20 16:50:48,989 WARNING database DDL Query made to DB:
ALTER TABLE `tabDelivery Schedule` MODIFY `notes` longtext
2024-11-20 16:57:49,578 WARNING database DDL Query made to DB:
alter table `tabDocType` add column if not exists migration_hash varchar(140)
2024-11-20 16:57:50,354 WARNING database DDL Query made to DB:
ALTER TABLE `tabPrint Heading` DROP INDEX `print_heading`
2024-11-20 16:57:51,089 WARNING database DDL Query made to DB:
ALTER TABLE `tabPrint Heading` ADD UNIQUE INDEX IF NOT EXISTS print_heading (`print_heading`)
2024-11-20 17:01:31,306 WARNING database DDL Query made to DB:
alter table `tabDocType` add column if not exists migration_hash varchar(140)
2024-11-20 17:01:32,065 WARNING database DDL Query made to DB:
ALTER TABLE `tabPrint Heading` DROP INDEX `print_heading`
2024-11-20 17:01:32,779 WARNING database DDL Query made to DB:
ALTER TABLE `tabPrint Heading` ADD UNIQUE INDEX IF NOT EXISTS print_heading (`print_heading`)
2024-11-20 17:03:57,530 WARNING database DDL Query made to DB:
alter table `tabDocType` add column if not exists migration_hash varchar(140)
2024-11-20 17:03:58,307 WARNING database DDL Query made to DB:
ALTER TABLE `tabPrint Heading` DROP INDEX `print_heading`
2024-11-20 17:03:59,052 WARNING database DDL Query made to DB:
ALTER TABLE `tabPrint Heading` ADD UNIQUE INDEX IF NOT EXISTS print_heading (`print_heading`)
2024-11-20 17:06:42,598 WARNING database DDL Query made to DB:
alter table `tabDocType` add column if not exists migration_hash varchar(140)
2024-11-20 17:06:43,330 WARNING database DDL Query made to DB:
ALTER TABLE `tabPrint Heading` DROP INDEX `print_heading`
2024-11-20 17:06:44,036 WARNING database DDL Query made to DB:
ALTER TABLE `tabPrint Heading` ADD UNIQUE INDEX IF NOT EXISTS print_heading (`print_heading`)
2024-11-20 17:09:09,987 WARNING database DDL Query made to DB:
alter table `tabDocType` add column if not exists migration_hash varchar(140)
2024-11-20 17:09:10,752 WARNING database DDL Query made to DB:
ALTER TABLE `tabPrint Heading` DROP INDEX `print_heading`
2024-11-20 17:09:11,456 WARNING database DDL Query made to DB:
ALTER TABLE `tabPrint Heading` ADD UNIQUE INDEX IF NOT EXISTS print_heading (`print_heading`)
2024-11-20 17:11:59,452 WARNING database DDL Query made to DB:
alter table `tabDocType` add column if not exists migration_hash varchar(140)
2024-11-20 17:12:00,216 WARNING database DDL Query made to DB:
ALTER TABLE `tabPrint Heading` DROP INDEX `print_heading`
2024-11-20 17:12:00,943 WARNING database DDL Query made to DB:
ALTER TABLE `tabPrint Heading` ADD UNIQUE INDEX IF NOT EXISTS print_heading (`print_heading`)
2024-11-20 17:13:57,667 WARNING database DDL Query made to DB:
alter table `tabDocType` add column if not exists migration_hash varchar(140)
2024-11-20 17:13:58,407 WARNING database DDL Query made to DB:
ALTER TABLE `tabPrint Heading` DROP INDEX `print_heading`
2024-11-20 17:13:59,136 WARNING database DDL Query made to DB:
ALTER TABLE `tabPrint Heading` ADD UNIQUE INDEX IF NOT EXISTS print_heading (`print_heading`)
2024-11-20 17:16:10,305 WARNING database DDL Query made to DB:
alter table `tabDocType` add column if not exists migration_hash varchar(140)
2024-11-20 17:16:11,059 WARNING database DDL Query made to DB:
ALTER TABLE `tabPrint Heading` DROP INDEX `print_heading`
2024-11-20 17:16:11,756 WARNING database DDL Query made to DB:
ALTER TABLE `tabPrint Heading` ADD UNIQUE INDEX IF NOT EXISTS print_heading (`print_heading`)
2024-11-20 17:17:25,763 WARNING database DDL Query made to DB:
alter table `tabDocType` add column if not exists migration_hash varchar(140)
2024-11-20 17:17:26,505 WARNING database DDL Query made to DB:
ALTER TABLE `tabPrint Heading` DROP INDEX `print_heading`
2024-11-20 17:17:27,223 WARNING database DDL Query made to DB:
ALTER TABLE `tabPrint Heading` ADD UNIQUE INDEX IF NOT EXISTS print_heading (`print_heading`)
2024-11-20 17:21:13,707 WARNING database DDL Query made to DB:
alter table `tabDocType` add column if not exists migration_hash varchar(140)
2024-11-20 17:21:14,476 WARNING database DDL Query made to DB:
ALTER TABLE `tabPrint Heading` DROP INDEX `print_heading`
2024-11-20 17:21:15,174 WARNING database DDL Query made to DB:
ALTER TABLE `tabPrint Heading` ADD UNIQUE INDEX IF NOT EXISTS print_heading (`print_heading`)
2024-11-20 17:23:42,576 WARNING database DDL Query made to DB:
alter table `tabDocType` add column if not exists migration_hash varchar(140)
2024-11-20 17:23:43,336 WARNING database DDL Query made to DB:
ALTER TABLE `tabPrint Heading` DROP INDEX `print_heading`
2024-11-20 17:23:44,038 WARNING database DDL Query made to DB:
ALTER TABLE `tabPrint Heading` ADD UNIQUE INDEX IF NOT EXISTS print_heading (`print_heading`)
2024-11-20 17:25:06,554 WARNING database DDL Query made to DB:
alter table `tabDocType` add column if not exists migration_hash varchar(140)
2024-11-20 17:25:07,299 WARNING database DDL Query made to DB:
ALTER TABLE `tabPrint Heading` DROP INDEX `print_heading`
2024-11-20 17:25:08,073 WARNING database DDL Query made to DB:
ALTER TABLE `tabPrint Heading` ADD UNIQUE INDEX IF NOT EXISTS print_heading (`print_heading`)
2024-11-20 17:30:44,196 WARNING database DDL Query made to DB:
alter table `tabDocType` add column if not exists migration_hash varchar(140)
2024-11-20 17:30:44,927 WARNING database DDL Query made to DB:
ALTER TABLE `tabPrint Heading` DROP INDEX `print_heading`
2024-11-20 17:30:45,674 WARNING database DDL Query made to DB:
ALTER TABLE `tabPrint Heading` ADD UNIQUE INDEX IF NOT EXISTS print_heading (`print_heading`)
2024-11-20 17:33:18,242 WARNING database DDL Query made to DB:
alter table `tabDocType` add column if not exists migration_hash varchar(140)
2024-11-20 17:33:18,988 WARNING database DDL Query made to DB:
ALTER TABLE `tabPrint Heading` DROP INDEX `print_heading`
2024-11-20 17:33:19,731 WARNING database DDL Query made to DB:
ALTER TABLE `tabPrint Heading` ADD UNIQUE INDEX IF NOT EXISTS print_heading (`print_heading`)
2024-11-20 17:34:05,477 WARNING database DDL Query made to DB:
alter table `tabDocType` add column if not exists migration_hash varchar(140)
2024-11-20 17:34:06,248 WARNING database DDL Query made to DB:
ALTER TABLE `tabPrint Heading` DROP INDEX `print_heading`
2024-11-20 17:34:06,978 WARNING database DDL Query made to DB:
ALTER TABLE `tabPrint Heading` ADD UNIQUE INDEX IF NOT EXISTS print_heading (`print_heading`)
2024-11-20 18:01:44,498 WARNING database DDL Query made to DB:
alter table `tabDocType` add column if not exists migration_hash varchar(140)
2024-11-20 18:01:45,209 WARNING database DDL Query made to DB:
ALTER TABLE `tabPrint Heading` DROP INDEX `print_heading`
2024-11-20 18:01:45,922 WARNING database DDL Query made to DB:
ALTER TABLE `tabPrint Heading` ADD UNIQUE INDEX IF NOT EXISTS print_heading (`print_heading`)
2024-11-20 18:17:11,083 WARNING database DDL Query made to DB:
alter table `tabDocType` add column if not exists migration_hash varchar(140)
2024-11-20 18:17:11,853 WARNING database DDL Query made to DB:
ALTER TABLE `tabPrint Heading` DROP INDEX `print_heading`
2024-11-20 18:17:12,590 WARNING database DDL Query made to DB:
ALTER TABLE `tabPrint Heading` ADD UNIQUE INDEX IF NOT EXISTS print_heading (`print_heading`)
2024-11-20 20:42:53,338 WARNING database DDL Query made to DB:
ALTER TABLE `tabDelivery Schedule` ADD COLUMN `workflow_state` varchar(140)
2024-11-21 00:55:29,785 WARNING database DDL Query made to DB:
ALTER TABLE `tabDelivery Schedule` ADD COLUMN `custom_customer_email` varchar(140)
